<?xml version="1.0" encoding="UTF-8"?>
<!-- Generated by org.testng.reporters.JUnitReportReporter -->
<testsuite skipped="5" hostname="DESKTOP-7CF6N7D" name="com.crm.OraganizationTest.CreateOrgWithMultipleDataTest" tests="7" failures="0" timestamp="02 Mar 2022 12:34:04 GMT" time="36.113" errors="1">
  <testcase name="createOrgWithMltipleData" time="8.515" classname="com.crm.OraganizationTest.CreateOrgWithMultipleDataTest">
    <skipped/>
  </testcase> <!-- createOrgWithMltipleData -->
  <testcase name="createOrgWithMltipleData" time="0.000" classname="com.crm.OraganizationTest.CreateOrgWithMultipleDataTest">
    <skipped/>
  </testcase> <!-- createOrgWithMltipleData -->
  <testcase name="createOrgWithMltipleData" time="0.000" classname="com.crm.OraganizationTest.CreateOrgWithMultipleDataTest">
    <skipped/>
  </testcase> <!-- createOrgWithMltipleData -->
  <testcase name="createOrgWithMltipleData" time="27.536" classname="com.crm.OraganizationTest.CreateOrgWithMultipleDataTest"/>
  <testcase name="logout" time="0.062" classname="com.crm.OraganizationTest.CreateOrgWithMultipleDataTest">
    <error type="org.openqa.selenium.NoSuchSessionException" message="Session ID is null. Using WebDriver after calling quit()?
Build info: version: &#039;3.141.59&#039;, revision: &#039;e82be7d358&#039;, time: &#039;2018-11-14T08:17:03&#039;
System info: host: &#039;DESKTOP-7CF6N7D&#039;, ip: &#039;192.168.85.87&#039;, os.name: &#039;Windows 10&#039;, os.arch: &#039;amd64&#039;, os.version: &#039;10.0&#039;, java.version: &#039;1.8.0_291&#039;
Driver info: driver.version: RemoteWebDriver">
      <![CDATA[org.openqa.selenium.NoSuchSessionException: Session ID is null. Using WebDriver after calling quit()?
Build info: version: '3.141.59', revision: 'e82be7d358', time: '2018-11-14T08:17:03'
System info: host: 'DESKTOP-7CF6N7D', ip: '192.168.85.87', os.name: 'Windows 10', os.arch: 'amd64', os.version: '10.0', java.version: '1.8.0_291'
Driver info: driver.version: RemoteWebDriver
at org.openqa.selenium.remote.HttpCommandExecutor.execute(HttpCommandExecutor.java:125)
at org.openqa.selenium.remote.service.DriverCommandExecutor.execute(DriverCommandExecutor.java:83)
at org.openqa.selenium.remote.RemoteWebDriver.execute(RemoteWebDriver.java:552)
at org.openqa.selenium.remote.RemoteWebDriver.perform(RemoteWebDriver.java:618)
at org.openqa.selenium.interactions.Actions$BuiltAction.perform(Actions.java:639)
at org.openqa.selenium.interactions.Actions.perform(Actions.java:595)
at com.crm.GenricLibrary.WebdriverUtility.mousHover(WebdriverUtility.java:94)
at com.crm.ObjectRepositorty.HomePage.signOutOfApp(HomePage.java:84)
at com.crm.GenricLibrary.BaseClass.logout(BaseClass.java:70)
at sun.reflect.NativeMethodAccessorImpl.invoke0(Native Method)
at sun.reflect.NativeMethodAccessorImpl.invoke(Unknown Source)
at sun.reflect.DelegatingMethodAccessorImpl.invoke(Unknown Source)
at java.lang.reflect.Method.invoke(Unknown Source)
at org.testng.internal.MethodInvocationHelper.invokeMethod(MethodInvocationHelper.java:124)
at org.testng.internal.MethodInvocationHelper.invokeMethodConsideringTimeout(MethodInvocationHelper.java:59)
at org.testng.internal.Invoker.invokeConfigurationMethod(Invoker.java:458)
at org.testng.internal.Invoker.invokeConfigurations(Invoker.java:222)
at org.testng.internal.Invoker.invokeMethod(Invoker.java:646)
at org.testng.internal.Invoker.invokeTestMethod(Invoker.java:719)
at org.testng.internal.Invoker.invokeTestMethods(Invoker.java:989)
at org.testng.internal.TestMethodWorker.invokeTestMethods(TestMethodWorker.java:125)
at org.testng.internal.TestMethodWorker.run(TestMethodWorker.java:109)
at org.testng.TestRunner.privateRun(TestRunner.java:648)
at org.testng.TestRunner.run(TestRunner.java:505)
at org.testng.SuiteRunner.runTest(SuiteRunner.java:455)
at org.testng.SuiteRunner.runSequentially(SuiteRunner.java:450)
at org.testng.SuiteRunner.privateRun(SuiteRunner.java:415)
at org.testng.SuiteRunner.run(SuiteRunner.java:364)
at org.testng.SuiteRunnerWorker.runSuite(SuiteRunnerWorker.java:52)
at org.testng.SuiteRunnerWorker.run(SuiteRunnerWorker.java:84)
at org.testng.TestNG.runSuitesSequentially(TestNG.java:1208)
at org.testng.TestNG.runSuitesLocally(TestNG.java:1137)
at org.testng.TestNG.runSuites(TestNG.java:1049)
at org.testng.TestNG.run(TestNG.java:1017)
at org.testng.remote.AbstractRemoteTestNG.run(AbstractRemoteTestNG.java:114)
at org.testng.remote.RemoteTestNG.initAndRun(RemoteTestNG.java:251)
at org.testng.remote.RemoteTestNG.main(RemoteTestNG.java:77)
]]>
    </error>
  </testcase> <!-- logout -->
  <testcase name="createOrgWithMltipleData" time="0.000" classname="com.crm.OraganizationTest.CreateOrgWithMultipleDataTest">
    <skipped/>
  </testcase> <!-- createOrgWithMltipleData -->
  <testcase name="createOrgWithMltipleData" time="0.000" classname="com.crm.OraganizationTest.CreateOrgWithMultipleDataTest">
    <skipped/>
  </testcase> <!-- createOrgWithMltipleData -->
</testsuite> <!-- com.crm.OraganizationTest.CreateOrgWithMultipleDataTest -->
